11:03:41.115 s.e.n.c.p.u.NestedProperties INFO  [main:52] - Loading properties from: config.properties
11:03:41.132 s.e.n.c.p.u.NestedProperties INFO  [main:66] - OUTPUT_FOLDER_NAME : output/
11:03:41.133 s.e.n.c.p.u.NestedProperties INFO  [main:66] - DEP_RULES_FILE : aux_data/dep_rules.txt
11:03:41.135 s.e.n.c.p.u.NestedProperties INFO  [main:66] - WORD_PAIRS_FILE : aux_data/word_pair.txt
11:03:41.136 s.e.n.c.p.u.NestedProperties INFO  [main:66] - MODEL_PATH : models/level_1/
11:03:41.136 s.e.n.c.p.u.NestedProperties INFO  [main:66] - STANFORD_MODEL : aux_data/englishPCFG.ser.gz
11:03:41.138 s.e.n.c.p.u.NestedProperties INFO  [main:66] - SEMANTIC_LEVEL : 1
11:03:41.139 s.e.n.c.p.u.NestedProperties INFO  [main:66] - PROD_RULES_FILE : aux_data/prod_rules.txt
11:03:41.140 s.e.n.c.p.u.NestedProperties INFO  [main:69] - Done loading properties.
11:03:41.141 c.e.n.c.p.r.PdtbParser INFO  [main:58] - Parsing file data/wsj_not_there/wsj_2302
11:03:41.153 s.e.n.c.p.u.Corpus INFO  [main:945] - Generating parse and dependecy trees with Stanford parser...
11:03:42.710 s.e.n.c.p.u.Corpus INFO  [main:951] - Generating tree for: wsj_2302
11:03:42.862 s.e.n.c.p.u.Corpus INFO  [main:963] - Parsing line:0
11:03:43.538 s.e.n.c.p.u.Corpus INFO  [main:963] - Parsing line:1
11:03:44.311 s.e.n.c.p.u.Corpus INFO  [main:963] - Parsing line:2
11:03:45.073 s.e.n.c.p.u.Corpus INFO  [main:963] - Parsing line:3
11:03:46.269 s.e.n.c.p.u.Corpus INFO  [main:963] - Parsing line:4
11:03:46.738 s.e.n.c.p.u.Corpus INFO  [main:976] - Tree generation for wsj_2302 is done. Trees are in /home/ida/Documents/Saarland/ResearchImmersion/Parser/pdtb-parser/data/wsj_not_there/output/wsj_2302
11:03:46.742 s.e.n.c.p.r.SpanTreeExtractor INFO  [main:144] - Generating the spans of each node in the parse trees.
11:03:46.777 s.e.n.c.p.r.SpanTreeExtractor INFO  [main:189] - Done.
11:03:46.778 c.e.n.c.p.r.PdtbParser INFO  [main:120] - Running the PDTB parser
11:03:46.783 c.e.n.c.p.r.PdtbParser INFO  [main:122] - Running connective classifier...
11:03:47.286 c.e.n.c.p.r.PdtbParser INFO  [main:124] - Done.
11:03:47.288 c.e.n.c.p.r.PdtbParser INFO  [main:126] - Running argument position classifier...
11:03:47.393 c.e.n.c.p.r.PdtbParser INFO  [main:128] - Done.
11:03:47.400 c.e.n.c.p.r.PdtbParser INFO  [main:130] - Running argument extractor classifier...
11:03:47.601 c.e.n.c.p.r.PdtbParser INFO  [main:133] - Done.
11:03:47.602 c.e.n.c.p.r.PdtbParser INFO  [main:135] - Running Explicit classifier...
11:03:47.618 c.e.n.c.p.r.PdtbParser INFO  [main:138] - Done.
11:03:47.653 c.e.n.c.p.r.PdtbParser INFO  [main:140] - Running NonExplicit classifier...
11:03:47.753 c.e.n.c.p.r.PdtbParser INFO  [main:143] - Done with everything. The PDTB relations for the file are in: /home/ida/Documents/Saarland/ResearchImmersion/Parser/pdtb-parser/data/wsj_not_there/output/wsj_2302.pipe
11:04:55.401 s.e.n.c.p.u.NestedProperties INFO  [main:52] - Loading properties from: config.properties
11:04:55.410 s.e.n.c.p.u.NestedProperties INFO  [main:66] - OUTPUT_FOLDER_NAME : output/
11:04:55.411 s.e.n.c.p.u.NestedProperties INFO  [main:66] - DEP_RULES_FILE : aux_data/dep_rules.txt
11:04:55.412 s.e.n.c.p.u.NestedProperties INFO  [main:66] - WORD_PAIRS_FILE : aux_data/word_pair.txt
11:04:55.413 s.e.n.c.p.u.NestedProperties INFO  [main:66] - MODEL_PATH : models/level_1/
11:04:55.414 s.e.n.c.p.u.NestedProperties INFO  [main:66] - STANFORD_MODEL : aux_data/englishPCFG.ser.gz
11:04:55.415 s.e.n.c.p.u.NestedProperties INFO  [main:66] - SEMANTIC_LEVEL : 1
11:04:55.416 s.e.n.c.p.u.NestedProperties INFO  [main:66] - PROD_RULES_FILE : aux_data/prod_rules.txt
11:04:55.417 s.e.n.c.p.u.NestedProperties INFO  [main:69] - Done loading properties.
11:04:55.418 c.e.n.c.p.r.PdtbParser INFO  [main:58] - Parsing file data/wsj_not_there/wsj_2303
11:04:55.428 s.e.n.c.p.u.Corpus INFO  [main:945] - Generating parse and dependecy trees with Stanford parser...
11:04:57.001 s.e.n.c.p.u.Corpus INFO  [main:951] - Generating tree for: wsj_2303
11:04:57.196 s.e.n.c.p.u.Corpus INFO  [main:963] - Parsing line:0
11:04:57.642 s.e.n.c.p.u.Corpus INFO  [main:963] - Parsing line:1
11:04:59.304 s.e.n.c.p.u.Corpus INFO  [main:963] - Parsing line:2
11:05:00.467 s.e.n.c.p.u.Corpus INFO  [main:963] - Parsing line:3
11:05:02.205 s.e.n.c.p.u.Corpus INFO  [main:963] - Parsing line:4
11:05:03.845 s.e.n.c.p.u.Corpus INFO  [main:963] - Parsing line:5
11:05:05.281 s.e.n.c.p.u.Corpus INFO  [main:963] - Parsing line:6
11:05:05.369 s.e.n.c.p.u.Corpus INFO  [main:963] - Parsing line:7
11:05:05.415 s.e.n.c.p.u.Corpus INFO  [main:963] - Parsing line:8
11:05:06.072 s.e.n.c.p.u.Corpus INFO  [main:963] - Parsing line:9
11:05:06.691 s.e.n.c.p.u.Corpus INFO  [main:963] - Parsing line:10
11:05:08.539 s.e.n.c.p.u.Corpus INFO  [main:963] - Parsing line:11
11:05:11.956 s.e.n.c.p.u.Corpus INFO  [main:963] - Parsing line:12
11:05:16.445 s.e.n.c.p.u.Corpus INFO  [main:963] - Parsing line:13
11:05:17.727 s.e.n.c.p.u.Corpus INFO  [main:963] - Parsing line:14
11:05:23.918 s.e.n.c.p.u.Corpus INFO  [main:963] - Parsing line:15
11:05:29.188 s.e.n.c.p.u.Corpus INFO  [main:963] - Parsing line:16
11:05:29.417 s.e.n.c.p.u.Corpus INFO  [main:963] - Parsing line:17
11:05:32.611 s.e.n.c.p.u.Corpus INFO  [main:963] - Parsing line:18
11:05:33.218 s.e.n.c.p.u.Corpus INFO  [main:963] - Parsing line:19
11:05:33.933 s.e.n.c.p.u.Corpus INFO  [main:963] - Parsing line:20
11:05:41.864 s.e.n.c.p.u.Corpus INFO  [main:963] - Parsing line:21
11:05:42.625 s.e.n.c.p.u.Corpus INFO  [main:963] - Parsing line:22
11:05:43.507 s.e.n.c.p.u.Corpus INFO  [main:963] - Parsing line:23
11:05:44.113 s.e.n.c.p.u.Corpus INFO  [main:963] - Parsing line:24
11:05:44.250 s.e.n.c.p.u.Corpus INFO  [main:963] - Parsing line:25
11:05:44.692 s.e.n.c.p.u.Corpus INFO  [main:963] - Parsing line:26
11:05:44.936 s.e.n.c.p.u.Corpus INFO  [main:963] - Parsing line:27
11:05:45.242 s.e.n.c.p.u.Corpus INFO  [main:976] - Tree generation for wsj_2303 is done. Trees are in /home/ida/Documents/Saarland/ResearchImmersion/Parser/pdtb-parser/data/wsj_not_there/output/wsj_2303
11:05:45.246 s.e.n.c.p.r.SpanTreeExtractor INFO  [main:144] - Generating the spans of each node in the parse trees.
11:05:45.317 s.e.n.c.p.r.SpanTreeExtractor INFO  [main:189] - Done.
11:05:45.318 c.e.n.c.p.r.PdtbParser INFO  [main:120] - Running the PDTB parser
11:05:45.322 c.e.n.c.p.r.PdtbParser INFO  [main:122] - Running connective classifier...
11:05:46.159 c.e.n.c.p.r.PdtbParser INFO  [main:124] - Done.
11:05:46.160 c.e.n.c.p.r.PdtbParser INFO  [main:126] - Running argument position classifier...
11:05:46.275 c.e.n.c.p.r.PdtbParser INFO  [main:128] - Done.
11:05:46.300 c.e.n.c.p.r.PdtbParser INFO  [main:130] - Running argument extractor classifier...
11:05:46.631 c.e.n.c.p.r.PdtbParser INFO  [main:133] - Done.
11:05:46.636 c.e.n.c.p.r.PdtbParser INFO  [main:135] - Running Explicit classifier...
11:05:46.680 c.e.n.c.p.r.PdtbParser INFO  [main:138] - Done.
11:05:46.697 c.e.n.c.p.r.PdtbParser INFO  [main:140] - Running NonExplicit classifier...
11:05:47.134 c.e.n.c.p.r.PdtbParser INFO  [main:143] - Done with everything. The PDTB relations for the file are in: /home/ida/Documents/Saarland/ResearchImmersion/Parser/pdtb-parser/data/wsj_not_there/output/wsj_2303.pipe
11:18:43.181 s.e.n.c.p.u.NestedProperties INFO  [main:52] - Loading properties from: config.properties
11:18:43.191 s.e.n.c.p.u.NestedProperties INFO  [main:66] - OUTPUT_FOLDER_NAME : output/
11:18:43.193 s.e.n.c.p.u.NestedProperties INFO  [main:66] - DEP_RULES_FILE : aux_data/dep_rules.txt
11:18:43.194 s.e.n.c.p.u.NestedProperties INFO  [main:66] - WORD_PAIRS_FILE : aux_data/word_pair.txt
11:18:43.195 s.e.n.c.p.u.NestedProperties INFO  [main:66] - MODEL_PATH : models/level_1/
11:18:43.196 s.e.n.c.p.u.NestedProperties INFO  [main:66] - STANFORD_MODEL : aux_data/englishPCFG.ser.gz
11:18:43.197 s.e.n.c.p.u.NestedProperties INFO  [main:66] - SEMANTIC_LEVEL : 1
11:18:43.199 s.e.n.c.p.u.NestedProperties INFO  [main:66] - PROD_RULES_FILE : aux_data/prod_rules.txt
11:18:43.199 s.e.n.c.p.u.NestedProperties INFO  [main:69] - Done loading properties.
11:18:43.200 c.e.n.c.p.r.PdtbParser INFO  [main:58] - Parsing file data/wsj_not_there/wsj_2381
11:18:43.212 s.e.n.c.p.u.Corpus INFO  [main:945] - Generating parse and dependecy trees with Stanford parser...
11:18:44.850 s.e.n.c.p.u.Corpus INFO  [main:951] - Generating tree for: wsj_2381
11:18:45.003 s.e.n.c.p.u.Corpus INFO  [main:963] - Parsing line:0
11:18:45.377 s.e.n.c.p.u.Corpus INFO  [main:963] - Parsing line:1
11:18:46.479 s.e.n.c.p.u.Corpus INFO  [main:963] - Parsing line:2
11:18:46.547 s.e.n.c.p.u.Corpus INFO  [main:963] - Parsing line:3
11:18:48.623 s.e.n.c.p.u.Corpus INFO  [main:963] - Parsing line:4
11:18:49.078 s.e.n.c.p.u.Corpus INFO  [main:963] - Parsing line:5
11:18:49.257 s.e.n.c.p.u.Corpus INFO  [main:963] - Parsing line:6
11:18:49.543 s.e.n.c.p.u.Corpus INFO  [main:963] - Parsing line:7
11:18:51.720 s.e.n.c.p.u.Corpus INFO  [main:963] - Parsing line:8
11:18:52.205 s.e.n.c.p.u.Corpus INFO  [main:963] - Parsing line:9
11:18:52.352 s.e.n.c.p.u.Corpus INFO  [main:963] - Parsing line:10
11:18:53.171 s.e.n.c.p.u.Corpus INFO  [main:963] - Parsing line:11
11:18:53.484 s.e.n.c.p.u.Corpus INFO  [main:963] - Parsing line:12
11:18:53.764 s.e.n.c.p.u.Corpus INFO  [main:963] - Parsing line:13
11:18:53.828 s.e.n.c.p.u.Corpus INFO  [main:963] - Parsing line:14
11:18:56.780 s.e.n.c.p.u.Corpus INFO  [main:963] - Parsing line:15
11:18:58.888 s.e.n.c.p.u.Corpus INFO  [main:963] - Parsing line:16
11:18:59.668 s.e.n.c.p.u.Corpus INFO  [main:963] - Parsing line:17
11:19:00.591 s.e.n.c.p.u.Corpus INFO  [main:963] - Parsing line:18
11:19:01.291 s.e.n.c.p.u.Corpus INFO  [main:963] - Parsing line:19
11:19:13.358 s.e.n.c.p.u.Corpus INFO  [main:963] - Parsing line:20
11:19:14.897 s.e.n.c.p.u.Corpus INFO  [main:963] - Parsing line:21
11:19:15.530 s.e.n.c.p.u.Corpus INFO  [main:963] - Parsing line:22
11:19:16.323 s.e.n.c.p.u.Corpus INFO  [main:963] - Parsing line:23
11:19:16.729 s.e.n.c.p.u.Corpus INFO  [main:963] - Parsing line:24
11:19:16.794 s.e.n.c.p.u.Corpus INFO  [main:963] - Parsing line:25
11:19:17.290 s.e.n.c.p.u.Corpus INFO  [main:963] - Parsing line:26
11:19:17.639 s.e.n.c.p.u.Corpus INFO  [main:963] - Parsing line:27
11:19:18.111 s.e.n.c.p.u.Corpus INFO  [main:963] - Parsing line:28
11:19:19.206 s.e.n.c.p.u.Corpus INFO  [main:963] - Parsing line:29
11:19:20.229 s.e.n.c.p.u.Corpus INFO  [main:963] - Parsing line:30
11:19:20.359 s.e.n.c.p.u.Corpus INFO  [main:963] - Parsing line:31
11:19:22.327 s.e.n.c.p.u.Corpus INFO  [main:963] - Parsing line:32
11:19:23.772 s.e.n.c.p.u.Corpus INFO  [main:963] - Parsing line:33
11:19:24.342 s.e.n.c.p.u.Corpus INFO  [main:963] - Parsing line:34
11:19:24.471 s.e.n.c.p.u.Corpus INFO  [main:963] - Parsing line:35
11:19:24.916 s.e.n.c.p.u.Corpus INFO  [main:963] - Parsing line:36
11:19:25.187 s.e.n.c.p.u.Corpus INFO  [main:963] - Parsing line:37
11:19:25.618 s.e.n.c.p.u.Corpus INFO  [main:963] - Parsing line:38
11:19:26.759 s.e.n.c.p.u.Corpus INFO  [main:963] - Parsing line:39
11:19:26.785 s.e.n.c.p.u.Corpus INFO  [main:963] - Parsing line:40
11:19:26.986 s.e.n.c.p.u.Corpus INFO  [main:963] - Parsing line:41
11:19:27.136 s.e.n.c.p.u.Corpus INFO  [main:976] - Tree generation for wsj_2381 is done. Trees are in /home/ida/Documents/Saarland/ResearchImmersion/Parser/pdtb-parser/data/wsj_not_there/output/wsj_2381
11:19:27.139 s.e.n.c.p.r.SpanTreeExtractor INFO  [main:144] - Generating the spans of each node in the parse trees.
11:19:27.247 s.e.n.c.p.r.SpanTreeExtractor INFO  [main:189] - Done.
11:19:27.248 c.e.n.c.p.r.PdtbParser INFO  [main:120] - Running the PDTB parser
11:19:27.252 c.e.n.c.p.r.PdtbParser INFO  [main:122] - Running connective classifier...
11:19:28.087 c.e.n.c.p.r.PdtbParser INFO  [main:124] - Done.
11:19:28.089 c.e.n.c.p.r.PdtbParser INFO  [main:126] - Running argument position classifier...
11:19:28.252 c.e.n.c.p.r.PdtbParser INFO  [main:128] - Done.
11:19:28.259 c.e.n.c.p.r.PdtbParser INFO  [main:130] - Running argument extractor classifier...
11:19:29.097 c.e.n.c.p.r.PdtbParser INFO  [main:133] - Done.
11:19:29.099 c.e.n.c.p.r.PdtbParser INFO  [main:135] - Running Explicit classifier...
11:19:29.146 c.e.n.c.p.r.PdtbParser INFO  [main:138] - Done.
11:19:29.162 c.e.n.c.p.r.PdtbParser INFO  [main:140] - Running NonExplicit classifier...
11:19:29.730 c.e.n.c.p.r.PdtbParser INFO  [main:143] - Done with everything. The PDTB relations for the file are in: /home/ida/Documents/Saarland/ResearchImmersion/Parser/pdtb-parser/data/wsj_not_there/output/wsj_2381.pipe
